<?xml version="1.0" encoding="UTF-8"?>
<!-- Generated by org.testng.reporters.JUnitReportReporter -->
<testsuite skipped="0" hostname="DESKTOP-6NF4S3B" name="a04_parallelTest.CrossBrowserTest" tests="3" failures="0" timestamp="17 Jun 2022 05:16:00 GMT" time="52.055" errors="0">
  <testcase name="login" time="29.395" classname="a04_parallelTest.CrossBrowserTest"/>
  <testcase name="login" time="11.108" classname="a04_parallelTest.CrossBrowserTest"/>
  <testcase name="login" time="11.552" classname="a04_parallelTest.CrossBrowserTest"/>
</testsuite> <!-- a04_parallelTest.CrossBrowserTest -->
