<?xml version="1.0" encoding="UTF-8"?>
<!-- Generated by org.testng.reporters.JUnitReportReporter -->
<testsuite skipped="0" hostname="DESKTOP-6NF4S3B" name="a01_annotationTest.AnnotationTest" tests="3" failures="0" timestamp="13 Aug 2022 16:31:27 GMT" time="0.017" errors="0">
  <testcase name="loginTest" time="0.004" classname="a01_annotationTest.AnnotationTest"/>
  <testcase name="registerTest" time="0.002" classname="a01_annotationTest.AnnotationTest"/>
  <testcase name="addToCartTest" time="0.011" classname="a01_annotationTest.AnnotationTest"/>
</testsuite> <!-- a01_annotationTest.AnnotationTest -->
