<?xml version="1.0" encoding="UTF-8"?>
<!-- Generated by org.testng.reporters.JUnitReportReporter -->
<testsuite skipped="0" hostname="DESKTOP-6NF4S3B" name="a02_keywordTest.InvocationTimeoutTest" tests="1" failures="0" timestamp="16 Jun 2022 04:15:32 GMT" time="2.120" errors="0">
  <testcase name="myTest" time="2.120" classname="a02_keywordTest.InvocationTimeoutTest"/>
</testsuite> <!-- a02_keywordTest.InvocationTimeoutTest -->
