<?xml version="1.0" encoding="UTF-8"?>
<!-- Generated by org.testng.reporters.JUnitReportReporter -->
<testsuite skipped="0" hostname="DESKTOP-6NF4S3B" name="a01_annotationTest.GroupAnnotationTest" tests="2" failures="0" timestamp="16 Jun 2022 04:23:31 GMT" time="0.010" errors="0">
  <testcase name="Test1" time="0.005" classname="a01_annotationTest.GroupAnnotationTest"/>
  <testcase name="Test2" time="0.005" classname="a01_annotationTest.GroupAnnotationTest"/>
</testsuite> <!-- a01_annotationTest.GroupAnnotationTest -->
