<?xml version="1.0" encoding="UTF-8"?>
<!-- Generated by org.testng.reporters.JUnitReportReporter -->
<testsuite skipped="0" hostname="DESKTOP-6NF4S3B" name="a02_keywordTest.GroupAnnotationTest" tests="2" failures="0" timestamp="15 Jun 2022 05:04:40 GMT" time="0.000" errors="0">
  <testcase name="Test1" time="0.000" classname="a02_keywordTest.GroupAnnotationTest"/>
  <testcase name="Test2" time="0.000" classname="a02_keywordTest.GroupAnnotationTest"/>
</testsuite> <!-- a02_keywordTest.GroupAnnotationTest -->
