<?xml version="1.0" encoding="UTF-8"?>
<!-- Generated by org.testng.reporters.JUnitReportReporter -->
<testsuite skipped="0" hostname="DESKTOP-6NF4S3B" name="homeWork.AmazonTest" tests="1" failures="0" timestamp="18 Jun 2022 13:09:16 GMT" time="37.675" errors="0">
  <testcase name="a" time="37.675" classname="homeWork.AmazonTest"/>
</testsuite> <!-- homeWork.AmazonTest -->
