<?xml version="1.0" encoding="UTF-8"?>
<!-- Generated by org.testng.reporters.JUnitReportReporter -->
<testsuite skipped="0" hostname="DESKTOP-6NF4S3B" name="a01_annotationTest.ParameterTest" tests="1" failures="0" timestamp="16 Jun 2022 05:03:48 GMT" time="21.932" errors="0">
  <testcase name="login" time="21.932" classname="a01_annotationTest.ParameterTest"/>
</testsuite> <!-- a01_annotationTest.ParameterTest -->
