<?xml version="1.0" encoding="UTF-8"?>
<!-- Generated by org.testng.reporters.JUnitReportReporter -->
<testsuite skipped="0" hostname="DESKTOP-6NF4S3B" name="a01_annotationTest.InvocationCountTest" tests="3" failures="0" timestamp="16 Jun 2022 05:06:26 GMT" time="0.015" errors="0">
  <testcase name="myTest" time="0.000" classname="a01_annotationTest.InvocationCountTest"/>
  <testcase name="myTest" time="0.015" classname="a01_annotationTest.InvocationCountTest"/>
  <testcase name="myTest" time="0.000" classname="a01_annotationTest.InvocationCountTest"/>
</testsuite> <!-- a01_annotationTest.InvocationCountTest -->
