<?xml version="1.0" encoding="UTF-8"?>
<!-- Generated by org.testng.reporters.JUnitReportReporter -->
<testsuite skipped="0" hostname="DESKTOP-6NF4S3B" name="a02_keywordTest.ExceptionTest" tests="1" failures="0" timestamp="15 Jun 2022 05:07:55 GMT" time="0.016" errors="0">
  <testcase name="myTest" time="0.016" classname="a02_keywordTest.ExceptionTest"/>
</testsuite> <!-- a02_keywordTest.ExceptionTest -->
