<?xml version="1.0" encoding="UTF-8"?>
<!-- Generated by org.testng.reporters.JUnitReportReporter -->
<testsuite skipped="1" hostname="DESKTOP-6NF4S3B" name="a02_keywordTest.SkipTest$PriorityTest" tests="4" failures="0" timestamp="15 Jun 2022 04:27:27 GMT" time="0.016" errors="0">
  <testcase name="registerTest" time="0.016" classname="a02_keywordTest.SkipTest$PriorityTest"/>
  <testcase name="loginTest" time="0.000" classname="a02_keywordTest.SkipTest$PriorityTest"/>
  <testcase name="placeorder" time="0.000" classname="a02_keywordTest.SkipTest$PriorityTest"/>
  <testcase name="addToCartTest" classname="a02_keywordTest.SkipTest$PriorityTest">
    <skipped/>
  </testcase> <!-- addToCartTest -->
</testsuite> <!-- a02_keywordTest.SkipTest$PriorityTest -->
