<?xml version="1.0" encoding="UTF-8"?>
<!-- Generated by org.testng.reporters.JUnitReportReporter -->
<testsuite skipped="0" hostname="DESKTOP-6NF4S3B" name="a02_keywordTest.PriorityTest" tests="4" failures="0" timestamp="15 Jun 2022 05:43:52 GMT" time="0.000" errors="0">
  <testcase name="registerTest" time="0.000" classname="a02_keywordTest.PriorityTest"/>
  <testcase name="loginTest" time="0.000" classname="a02_keywordTest.PriorityTest"/>
  <testcase name="addToCartTest" time="0.000" classname="a02_keywordTest.PriorityTest"/>
  <testcase name="placeorder" time="0.000" classname="a02_keywordTest.PriorityTest"/>
</testsuite> <!-- a02_keywordTest.PriorityTest -->
