<?xml version="1.0" encoding="UTF-8"?>
<!-- Generated by org.testng.reporters.JUnitReportReporter -->
<testsuite skipped="0" hostname="DESKTOP-6NF4S3B" name="a01_annotationTest.DataProviderTest" tests="2" failures="0" timestamp="17 Jun 2022 04:05:04 GMT" time="28.089" errors="0">
  <testcase name="login" time="13.590" classname="a01_annotationTest.DataProviderTest"/>
  <testcase name="login" time="14.499" classname="a01_annotationTest.DataProviderTest"/>
</testsuite> <!-- a01_annotationTest.DataProviderTest -->
